<?xml version="1.0" encoding="UTF-8"?>
<testsuite xmlns:xsi="http://www.w3.org/2001/XMLSchema-instance" xsi:noNamespaceSchemaLocation="https://maven.apache.org/surefire/maven-surefire-plugin/xsd/surefire-test-report.xsd" name="jsicko.QueueTest" time="0.138" tests="11" errors="0" skipped="0" failures="0">
  <properties>
[...]
</properties>
  <testcase name="containsTest" classname="jsicko.QueueTest" time="0.019"/>
  <testcase name="containsOnEmptyListTest" classname="jsicko.QueueTest" time="0"/>
  <testcase name="removeOnEmptyListTest" classname="jsicko.QueueTest" time="0.001"/>
  <testcase name="addOnEmptyListTest" classname="jsicko.QueueTest" time="0.001"/>
  <testcase name="addTest" classname="jsicko.QueueTest" time="0"/>
  <testcase name="pollOnEmptyListTest" classname="jsicko.QueueTest" time="0.001"/>
  <testcase name="peekTest" classname="jsicko.QueueTest" time="0.001"/>
  <testcase name="iteratorTest" classname="jsicko.QueueTest" time="0.099"/>
  <testcase name="pollTest" classname="jsicko.QueueTest" time="0.001"/>
  <testcase name="peekOnEmptyListTest" classname="jsicko.QueueTest" time="0.001"/>
  <testcase name="removeTest" classname="jsicko.QueueTest" time="0"/>
</testsuite>